2023-05-05T15:53:32.564+10:00  INFO 1504 --- [SpringApplicationShutdownHook] j.LocalContainerEntityManagerFactoryBean : Closing JPA EntityManagerFactory for persistence unit 'default'
2023-05-05T15:53:32.587+10:00  INFO 1504 --- [SpringApplicationShutdownHook] com.zaxxer.hikari.HikariDataSource       : HikariPool-1 - Shutdown initiated...
2023-05-05T15:53:32.594+10:00  INFO 1504 --- [SpringApplicationShutdownHook] com.zaxxer.hikari.HikariDataSource       : HikariPool-1 - Shutdown completed.
2023-05-05T15:53:40.981+10:00  INFO 3260 --- [restartedMain] c.s.s.ShopmeBackendApplication           : Starting ShopmeBackendApplication using Java 18.0.2 with PID 3260 (C:\Users\вск\IdeaProjects\shopme\ShopmeWebParent\ShopmeBackend\target\classes started by вск in C:\Users\вск\IdeaProjects\shopme)
2023-05-05T15:53:40.984+10:00  INFO 3260 --- [restartedMain] c.s.s.ShopmeBackendApplication           : No active profile set, falling back to 1 default profile: "default"
2023-05-05T15:53:41.034+10:00  INFO 3260 --- [restartedMain] .e.DevToolsPropertyDefaultsPostProcessor : Devtools property defaults active! Set 'spring.devtools.add-properties' to 'false' to disable
2023-05-05T15:53:41.034+10:00  INFO 3260 --- [restartedMain] .e.DevToolsPropertyDefaultsPostProcessor : For additional web related logging consider setting the 'logging.level.web' property to 'DEBUG'
2023-05-05T15:53:41.789+10:00  INFO 3260 --- [restartedMain] .s.d.r.c.RepositoryConfigurationDelegate : Bootstrapping Spring Data JPA repositories in DEFAULT mode.
2023-05-05T15:53:41.865+10:00  INFO 3260 --- [restartedMain] .s.d.r.c.RepositoryConfigurationDelegate : Finished Spring Data repository scanning in 60 ms. Found 3 JPA repository interfaces.
2023-05-05T15:53:42.490+10:00  INFO 3260 --- [restartedMain] o.s.b.w.embedded.tomcat.TomcatWebServer  : Tomcat initialized with port(s): 9090 (http)
2023-05-05T15:53:42.501+10:00  INFO 3260 --- [restartedMain] o.apache.catalina.core.StandardService   : Starting service [Tomcat]
2023-05-05T15:53:42.501+10:00  INFO 3260 --- [restartedMain] o.apache.catalina.core.StandardEngine    : Starting Servlet engine: [Apache Tomcat/10.1.7]
2023-05-05T15:53:42.572+10:00  INFO 3260 --- [restartedMain] o.a.c.c.C.[.[localhost].[/shopmeadmin]   : Initializing Spring embedded WebApplicationContext
2023-05-05T15:53:42.573+10:00  INFO 3260 --- [restartedMain] w.s.c.ServletWebServerApplicationContext : Root WebApplicationContext: initialization completed in 1539 ms
2023-05-05T15:53:42.742+10:00  INFO 3260 --- [restartedMain] o.hibernate.jpa.internal.util.LogHelper  : HHH000204: Processing PersistenceUnitInfo [name: default]
2023-05-05T15:53:42.821+10:00  INFO 3260 --- [restartedMain] org.hibernate.Version                    : HHH000412: Hibernate ORM core version 6.1.7.Final
2023-05-05T15:53:43.191+10:00  INFO 3260 --- [restartedMain] com.zaxxer.hikari.HikariDataSource       : HikariPool-1 - Starting...
2023-05-05T15:53:43.349+10:00  INFO 3260 --- [restartedMain] com.zaxxer.hikari.pool.HikariPool        : HikariPool-1 - Added connection org.postgresql.jdbc.PgConnection@2f83316a
2023-05-05T15:53:43.350+10:00  INFO 3260 --- [restartedMain] com.zaxxer.hikari.HikariDataSource       : HikariPool-1 - Start completed.
2023-05-05T15:53:43.384+10:00  INFO 3260 --- [restartedMain] SQL dialect                              : HHH000400: Using dialect: org.hibernate.dialect.PostgreSQLDialect
2023-05-05T15:53:44.413+10:00  INFO 3260 --- [restartedMain] o.h.e.t.j.p.i.JtaPlatformInitiator       : HHH000490: Using JtaPlatform implementation: [org.hibernate.engine.transaction.jta.platform.internal.NoJtaPlatform]
2023-05-05T15:53:44.424+10:00  INFO 3260 --- [restartedMain] j.LocalContainerEntityManagerFactoryBean : Initialized JPA EntityManagerFactory for persistence unit 'default'
2023-05-05T15:53:45.079+10:00  WARN 3260 --- [restartedMain] JpaBaseConfiguration$JpaWebConfiguration : spring.jpa.open-in-view is enabled by default. Therefore, database queries may be performed during view rendering. Explicitly configure spring.jpa.open-in-view to disable this warning
2023-05-05T15:53:45.180+10:00  INFO 3260 --- [restartedMain] o.s.b.a.w.s.WelcomePageHandlerMapping    : Adding welcome page template: index
2023-05-05T15:53:45.631+10:00  INFO 3260 --- [restartedMain] o.s.s.web.DefaultSecurityFilterChain     : Will secure any request with [org.springframework.security.web.session.DisableEncodeUrlFilter@5b434ea4, org.springframework.security.web.context.request.async.WebAsyncManagerIntegrationFilter@5269673b, org.springframework.security.web.context.SecurityContextHolderFilter@1a5a4635, org.springframework.security.web.header.HeaderWriterFilter@2ee9c669, org.springframework.security.web.csrf.CsrfFilter@4909662, org.springframework.security.web.authentication.logout.LogoutFilter@78e8eff, org.springframework.security.web.authentication.UsernamePasswordAuthenticationFilter@1c9b7392, org.springframework.security.web.savedrequest.RequestCacheAwareFilter@1f805aa4, org.springframework.security.web.servletapi.SecurityContextHolderAwareRequestFilter@61986979, org.springframework.security.web.authentication.rememberme.RememberMeAuthenticationFilter@794aa34e, org.springframework.security.web.authentication.AnonymousAuthenticationFilter@7e95feeb, org.springframework.security.web.access.ExceptionTranslationFilter@31a3b391, org.springframework.security.web.access.intercept.AuthorizationFilter@62a0e18b]
2023-05-05T15:53:45.867+10:00  INFO 3260 --- [restartedMain] o.s.b.d.a.OptionalLiveReloadServer       : LiveReload server is running on port 35729
2023-05-05T15:53:45.908+10:00  INFO 3260 --- [restartedMain] o.s.b.w.embedded.tomcat.TomcatWebServer  : Tomcat started on port(s): 9090 (http) with context path '/shopmeadmin'
2023-05-05T15:53:45.916+10:00  INFO 3260 --- [restartedMain] c.s.s.ShopmeBackendApplication           : Started ShopmeBackendApplication in 5.424 seconds (process running for 6.218)
2023-05-05T15:54:21.487+10:00  INFO 3260 --- [http-nio-9090-exec-1] o.a.c.c.C.[.[localhost].[/shopmeadmin]   : Initializing Spring DispatcherServlet 'dispatcherServlet'
2023-05-05T15:54:21.488+10:00  INFO 3260 --- [http-nio-9090-exec-1] o.s.web.servlet.DispatcherServlet        : Initializing Servlet 'dispatcherServlet'
2023-05-05T15:54:21.489+10:00  INFO 3260 --- [http-nio-9090-exec-1] o.s.web.servlet.DispatcherServlet        : Completed initialization in 1 ms
2023-05-05T15:54:22.003+10:00  WARN 3260 --- [http-nio-9090-exec-1] actStandardFragmentInsertionTagProcessor : [THYMELEAF][http-nio-9090-exec-1][categories/category_form] Deprecated unwrapped fragment expression "fragments :: page_head(${pageTitle})" found in template categories/category_form, line 5, col 7. Please use the complete syntax of fragment expressions instead ("~{fragments :: page_head(${pageTitle})}"). The old, unwrapped syntax for fragment expressions will be removed in future versions of Thymeleaf.
2023-05-05T15:54:22.102+10:00  WARN 3260 --- [http-nio-9090-exec-1] actStandardFragmentInsertionTagProcessor : [THYMELEAF][http-nio-9090-exec-1][categories/category_form] Deprecated unwrapped fragment expression "navigation :: menu" found in template categories/category_form, line 8, col 10. Please use the complete syntax of fragment expressions instead ("~{navigation :: menu}"). The old, unwrapped syntax for fragment expressions will be removed in future versions of Thymeleaf.
2023-05-05T15:54:22.174+10:00  WARN 3260 --- [http-nio-9090-exec-1] actStandardFragmentInsertionTagProcessor : [THYMELEAF][http-nio-9090-exec-1][categories/category_form] Deprecated unwrapped fragment expression "fragments :: footer" found in template categories/category_form, line 90, col 10. Please use the complete syntax of fragment expressions instead ("~{fragments :: footer}"). The old, unwrapped syntax for fragment expressions will be removed in future versions of Thymeleaf.
2023-05-05T15:54:27.979+10:00  WARN 3260 --- [http-nio-9090-exec-8] actStandardFragmentInsertionTagProcessor : [THYMELEAF][http-nio-9090-exec-8][categories/category_form] Deprecated unwrapped fragment expression "fragments :: page_head(${pageTitle})" found in template categories/category_form, line 5, col 7. Please use the complete syntax of fragment expressions instead ("~{fragments :: page_head(${pageTitle})}"). The old, unwrapped syntax for fragment expressions will be removed in future versions of Thymeleaf.
2023-05-05T15:54:27.984+10:00  WARN 3260 --- [http-nio-9090-exec-8] actStandardFragmentInsertionTagProcessor : [THYMELEAF][http-nio-9090-exec-8][categories/category_form] Deprecated unwrapped fragment expression "navigation :: menu" found in template categories/category_form, line 8, col 10. Please use the complete syntax of fragment expressions instead ("~{navigation :: menu}"). The old, unwrapped syntax for fragment expressions will be removed in future versions of Thymeleaf.
2023-05-05T15:54:28.025+10:00  WARN 3260 --- [http-nio-9090-exec-8] actStandardFragmentInsertionTagProcessor : [THYMELEAF][http-nio-9090-exec-8][categories/category_form] Deprecated unwrapped fragment expression "fragments :: footer" found in template categories/category_form, line 90, col 10. Please use the complete syntax of fragment expressions instead ("~{fragments :: footer}"). The old, unwrapped syntax for fragment expressions will be removed in future versions of Thymeleaf.
2023-05-05T15:55:30.356+10:00  WARN 3260 --- [http-nio-9090-exec-1] actStandardFragmentInsertionTagProcessor : [THYMELEAF][http-nio-9090-exec-1][categories/categories] Deprecated unwrapped fragment expression "fragments :: page_head('Categories- Shopme Admin ')" found in template categories/categories, line 5, col 7. Please use the complete syntax of fragment expressions instead ("~{fragments :: page_head('Categories- Shopme Admin ')}"). The old, unwrapped syntax for fragment expressions will be removed in future versions of Thymeleaf.
2023-05-05T15:55:30.361+10:00  WARN 3260 --- [http-nio-9090-exec-1] actStandardFragmentInsertionTagProcessor : [THYMELEAF][http-nio-9090-exec-1][categories/categories] Deprecated unwrapped fragment expression "navigation::menu" found in template categories/categories, line 9, col 6. Please use the complete syntax of fragment expressions instead ("~{navigation::menu}"). The old, unwrapped syntax for fragment expressions will be removed in future versions of Thymeleaf.
2023-05-05T15:55:30.430+10:00  WARN 3260 --- [http-nio-9090-exec-1] actStandardFragmentInsertionTagProcessor : [THYMELEAF][http-nio-9090-exec-1][categories/categories] Deprecated unwrapped fragment expression "fragments::footer" found in template categories/categories, line 96, col 6. Please use the complete syntax of fragment expressions instead ("~{fragments::footer}"). The old, unwrapped syntax for fragment expressions will be removed in future versions of Thymeleaf.
2023-05-05T15:56:10.672+10:00  INFO 3260 --- [SpringApplicationShutdownHook] j.LocalContainerEntityManagerFactoryBean : Closing JPA EntityManagerFactory for persistence unit 'default'
2023-05-05T15:56:10.675+10:00  INFO 3260 --- [SpringApplicationShutdownHook] com.zaxxer.hikari.HikariDataSource       : HikariPool-1 - Shutdown initiated...
2023-05-05T15:56:10.681+10:00  INFO 3260 --- [SpringApplicationShutdownHook] com.zaxxer.hikari.HikariDataSource       : HikariPool-1 - Shutdown completed.
