2023-05-02T15:59:02.350+10:00  INFO 7240 --- [restartedMain] c.s.s.ShopmeBackendApplication           : Starting ShopmeBackendApplication using Java 18.0.2 with PID 7240 (C:\Users\вск\IdeaProjects\shopme\ShopmeWebParent\ShopmeBackend\target\classes started by вск in C:\Users\вск\IdeaProjects\shopme)
2023-05-02T15:59:02.352+10:00  INFO 7240 --- [restartedMain] c.s.s.ShopmeBackendApplication           : No active profile set, falling back to 1 default profile: "default"
2023-05-02T15:59:02.425+10:00  INFO 7240 --- [restartedMain] .e.DevToolsPropertyDefaultsPostProcessor : Devtools property defaults active! Set 'spring.devtools.add-properties' to 'false' to disable
2023-05-02T15:59:02.425+10:00  INFO 7240 --- [restartedMain] .e.DevToolsPropertyDefaultsPostProcessor : For additional web related logging consider setting the 'logging.level.web' property to 'DEBUG'
2023-05-02T15:59:03.445+10:00  INFO 7240 --- [restartedMain] .s.d.r.c.RepositoryConfigurationDelegate : Bootstrapping Spring Data JPA repositories in DEFAULT mode.
2023-05-02T15:59:03.525+10:00  INFO 7240 --- [restartedMain] .s.d.r.c.RepositoryConfigurationDelegate : Finished Spring Data repository scanning in 63 ms. Found 2 JPA repository interfaces.
2023-05-02T15:59:04.784+10:00  INFO 7240 --- [restartedMain] o.s.b.w.embedded.tomcat.TomcatWebServer  : Tomcat initialized with port(s): 9090 (http)
2023-05-02T15:59:04.798+10:00  INFO 7240 --- [restartedMain] o.apache.catalina.core.StandardService   : Starting service [Tomcat]
2023-05-02T15:59:04.806+10:00  INFO 7240 --- [restartedMain] o.apache.catalina.core.StandardEngine    : Starting Servlet engine: [Apache Tomcat/10.1.7]
2023-05-02T15:59:04.889+10:00  INFO 7240 --- [restartedMain] o.a.c.c.C.[.[localhost].[/shopmeadmin]   : Initializing Spring embedded WebApplicationContext
2023-05-02T15:59:04.889+10:00  INFO 7240 --- [restartedMain] w.s.c.ServletWebServerApplicationContext : Root WebApplicationContext: initialization completed in 2463 ms
2023-05-02T15:59:04.953+10:00  WARN 7240 --- [restartedMain] o.a.c.c.C.[.[localhost].[/shopmeadmin]   : Cannot deserialize session attribute [SPRING_SECURITY_CONTEXT] for session [4AD3B9D767E92B3A1D2CB1033850C002]
2023-05-02T15:59:05.131+10:00  INFO 7240 --- [restartedMain] o.hibernate.jpa.internal.util.LogHelper  : HHH000204: Processing PersistenceUnitInfo [name: default]
2023-05-02T15:59:05.304+10:00  INFO 7240 --- [restartedMain] org.hibernate.Version                    : HHH000412: Hibernate ORM core version 6.1.7.Final
2023-05-02T15:59:05.753+10:00  INFO 7240 --- [restartedMain] com.zaxxer.hikari.HikariDataSource       : HikariPool-1 - Starting...
2023-05-02T15:59:05.976+10:00  INFO 7240 --- [restartedMain] com.zaxxer.hikari.pool.HikariPool        : HikariPool-1 - Added connection org.postgresql.jdbc.PgConnection@4ec0cbb4
2023-05-02T15:59:05.978+10:00  INFO 7240 --- [restartedMain] com.zaxxer.hikari.HikariDataSource       : HikariPool-1 - Start completed.
2023-05-02T15:59:06.017+10:00  INFO 7240 --- [restartedMain] SQL dialect                              : HHH000400: Using dialect: org.hibernate.dialect.PostgreSQLDialect
2023-05-02T15:59:07.675+10:00  INFO 7240 --- [restartedMain] o.h.e.t.j.p.i.JtaPlatformInitiator       : HHH000490: Using JtaPlatform implementation: [org.hibernate.engine.transaction.jta.platform.internal.NoJtaPlatform]
2023-05-02T15:59:07.688+10:00  INFO 7240 --- [restartedMain] j.LocalContainerEntityManagerFactoryBean : Initialized JPA EntityManagerFactory for persistence unit 'default'
2023-05-02T15:59:08.727+10:00  WARN 7240 --- [restartedMain] JpaBaseConfiguration$JpaWebConfiguration : spring.jpa.open-in-view is enabled by default. Therefore, database queries may be performed during view rendering. Explicitly configure spring.jpa.open-in-view to disable this warning
2023-05-02T15:59:08.919+10:00  INFO 7240 --- [restartedMain] o.s.b.a.w.s.WelcomePageHandlerMapping    : Adding welcome page template: index
2023-05-02T15:59:09.598+10:00  INFO 7240 --- [restartedMain] o.s.s.web.DefaultSecurityFilterChain     : Will secure any request with [org.springframework.security.web.session.DisableEncodeUrlFilter@59b12818, org.springframework.security.web.context.request.async.WebAsyncManagerIntegrationFilter@57978f65, org.springframework.security.web.context.SecurityContextHolderFilter@331a0893, org.springframework.security.web.header.HeaderWriterFilter@69c6940c, org.springframework.security.web.csrf.CsrfFilter@65e12d08, org.springframework.security.web.authentication.logout.LogoutFilter@7c0cf305, org.springframework.security.web.authentication.UsernamePasswordAuthenticationFilter@1561acde, org.springframework.security.web.savedrequest.RequestCacheAwareFilter@589e5270, org.springframework.security.web.servletapi.SecurityContextHolderAwareRequestFilter@227d9a1f, org.springframework.security.web.authentication.rememberme.RememberMeAuthenticationFilter@4bbc9ffb, org.springframework.security.web.authentication.AnonymousAuthenticationFilter@78fb912b, org.springframework.security.web.access.ExceptionTranslationFilter@4bcdde17, org.springframework.security.web.access.intercept.AuthorizationFilter@383645d6]
2023-05-02T15:59:09.933+10:00  INFO 7240 --- [restartedMain] o.s.b.d.a.OptionalLiveReloadServer       : LiveReload server is running on port 35729
2023-05-02T15:59:09.984+10:00  INFO 7240 --- [restartedMain] o.s.b.w.embedded.tomcat.TomcatWebServer  : Tomcat started on port(s): 9090 (http) with context path '/shopmeadmin'
2023-05-02T15:59:09.993+10:00  INFO 7240 --- [restartedMain] c.s.s.ShopmeBackendApplication           : Started ShopmeBackendApplication in 8.545 seconds (process running for 9.716)
2023-05-02T16:23:11.537+10:00  INFO 7240 --- [SpringApplicationShutdownHook] j.LocalContainerEntityManagerFactoryBean : Closing JPA EntityManagerFactory for persistence unit 'default'
2023-05-02T16:23:11.547+10:00  INFO 7240 --- [SpringApplicationShutdownHook] com.zaxxer.hikari.HikariDataSource       : HikariPool-1 - Shutdown initiated...
2023-05-02T16:23:11.549+10:00  INFO 7240 --- [SpringApplicationShutdownHook] com.zaxxer.hikari.HikariDataSource       : HikariPool-1 - Shutdown completed.
2023-05-02T16:23:17.000+10:00  INFO 4464 --- [restartedMain] c.s.s.ShopmeBackendApplication           : Starting ShopmeBackendApplication using Java 18.0.2 with PID 4464 (C:\Users\вск\IdeaProjects\shopme\ShopmeWebParent\ShopmeBackend\target\classes started by вск in C:\Users\вск\IdeaProjects\shopme)
2023-05-02T16:23:17.002+10:00  INFO 4464 --- [restartedMain] c.s.s.ShopmeBackendApplication           : No active profile set, falling back to 1 default profile: "default"
2023-05-02T16:23:17.053+10:00  INFO 4464 --- [restartedMain] .e.DevToolsPropertyDefaultsPostProcessor : Devtools property defaults active! Set 'spring.devtools.add-properties' to 'false' to disable
2023-05-02T16:23:17.053+10:00  INFO 4464 --- [restartedMain] .e.DevToolsPropertyDefaultsPostProcessor : For additional web related logging consider setting the 'logging.level.web' property to 'DEBUG'
2023-05-02T16:23:17.796+10:00  INFO 4464 --- [restartedMain] .s.d.r.c.RepositoryConfigurationDelegate : Bootstrapping Spring Data JPA repositories in DEFAULT mode.
2023-05-02T16:23:17.865+10:00  INFO 4464 --- [restartedMain] .s.d.r.c.RepositoryConfigurationDelegate : Finished Spring Data repository scanning in 55 ms. Found 2 JPA repository interfaces.
2023-05-02T16:23:18.459+10:00  INFO 4464 --- [restartedMain] o.s.b.w.embedded.tomcat.TomcatWebServer  : Tomcat initialized with port(s): 9090 (http)
2023-05-02T16:23:18.479+10:00  INFO 4464 --- [restartedMain] o.apache.catalina.core.StandardService   : Starting service [Tomcat]
2023-05-02T16:23:18.480+10:00  INFO 4464 --- [restartedMain] o.apache.catalina.core.StandardEngine    : Starting Servlet engine: [Apache Tomcat/10.1.7]
2023-05-02T16:23:18.559+10:00  INFO 4464 --- [restartedMain] o.a.c.c.C.[.[localhost].[/shopmeadmin]   : Initializing Spring embedded WebApplicationContext
2023-05-02T16:23:18.560+10:00  INFO 4464 --- [restartedMain] w.s.c.ServletWebServerApplicationContext : Root WebApplicationContext: initialization completed in 1506 ms
2023-05-02T16:23:18.730+10:00  INFO 4464 --- [restartedMain] o.hibernate.jpa.internal.util.LogHelper  : HHH000204: Processing PersistenceUnitInfo [name: default]
2023-05-02T16:23:18.812+10:00  INFO 4464 --- [restartedMain] org.hibernate.Version                    : HHH000412: Hibernate ORM core version 6.1.7.Final
2023-05-02T16:23:19.198+10:00  INFO 4464 --- [restartedMain] com.zaxxer.hikari.HikariDataSource       : HikariPool-1 - Starting...
2023-05-02T16:23:19.362+10:00  INFO 4464 --- [restartedMain] com.zaxxer.hikari.pool.HikariPool        : HikariPool-1 - Added connection org.postgresql.jdbc.PgConnection@66a38826
2023-05-02T16:23:19.365+10:00  INFO 4464 --- [restartedMain] com.zaxxer.hikari.HikariDataSource       : HikariPool-1 - Start completed.
2023-05-02T16:23:19.405+10:00  INFO 4464 --- [restartedMain] SQL dialect                              : HHH000400: Using dialect: org.hibernate.dialect.PostgreSQLDialect
2023-05-02T16:23:20.386+10:00  INFO 4464 --- [restartedMain] o.h.e.t.j.p.i.JtaPlatformInitiator       : HHH000490: Using JtaPlatform implementation: [org.hibernate.engine.transaction.jta.platform.internal.NoJtaPlatform]
2023-05-02T16:23:20.397+10:00  INFO 4464 --- [restartedMain] j.LocalContainerEntityManagerFactoryBean : Initialized JPA EntityManagerFactory for persistence unit 'default'
2023-05-02T16:23:21.055+10:00  WARN 4464 --- [restartedMain] JpaBaseConfiguration$JpaWebConfiguration : spring.jpa.open-in-view is enabled by default. Therefore, database queries may be performed during view rendering. Explicitly configure spring.jpa.open-in-view to disable this warning
2023-05-02T16:23:21.156+10:00  INFO 4464 --- [restartedMain] o.s.b.a.w.s.WelcomePageHandlerMapping    : Adding welcome page template: index
2023-05-02T16:23:21.608+10:00  INFO 4464 --- [restartedMain] o.s.s.web.DefaultSecurityFilterChain     : Will secure any request with [org.springframework.security.web.session.DisableEncodeUrlFilter@359cb40d, org.springframework.security.web.context.request.async.WebAsyncManagerIntegrationFilter@391837ea, org.springframework.security.web.context.SecurityContextHolderFilter@154999e4, org.springframework.security.web.header.HeaderWriterFilter@50897601, org.springframework.security.web.csrf.CsrfFilter@30812e6, org.springframework.security.web.authentication.logout.LogoutFilter@eed4ae4, org.springframework.security.web.authentication.UsernamePasswordAuthenticationFilter@2dec4ea, org.springframework.security.web.savedrequest.RequestCacheAwareFilter@3274c402, org.springframework.security.web.servletapi.SecurityContextHolderAwareRequestFilter@6589c0d5, org.springframework.security.web.authentication.rememberme.RememberMeAuthenticationFilter@301ee0, org.springframework.security.web.authentication.AnonymousAuthenticationFilter@39dff937, org.springframework.security.web.access.ExceptionTranslationFilter@5b65a67d, org.springframework.security.web.access.intercept.AuthorizationFilter@221c7f88]
2023-05-02T16:23:21.830+10:00  INFO 4464 --- [restartedMain] o.s.b.d.a.OptionalLiveReloadServer       : LiveReload server is running on port 35729
2023-05-02T16:23:21.877+10:00  INFO 4464 --- [restartedMain] o.s.b.w.embedded.tomcat.TomcatWebServer  : Tomcat started on port(s): 9090 (http) with context path '/shopmeadmin'
2023-05-02T16:23:21.887+10:00  INFO 4464 --- [restartedMain] c.s.s.ShopmeBackendApplication           : Started ShopmeBackendApplication in 5.287 seconds (process running for 6.084)
2023-05-02T16:25:21.020+10:00  INFO 4464 --- [http-nio-9090-exec-1] o.a.c.c.C.[.[localhost].[/shopmeadmin]   : Initializing Spring DispatcherServlet 'dispatcherServlet'
2023-05-02T16:25:21.020+10:00  INFO 4464 --- [http-nio-9090-exec-1] o.s.web.servlet.DispatcherServlet        : Initializing Servlet 'dispatcherServlet'
2023-05-02T16:25:21.022+10:00  INFO 4464 --- [http-nio-9090-exec-1] o.s.web.servlet.DispatcherServlet        : Completed initialization in 0 ms
2023-05-02T16:25:21.547+10:00  WARN 4464 --- [http-nio-9090-exec-1] actStandardFragmentInsertionTagProcessor : [THYMELEAF][http-nio-9090-exec-1][users/user_form] Deprecated unwrapped fragment expression "fragments :: page_head(${pageTitle})" found in template users/user_form, line 5, col 7. Please use the complete syntax of fragment expressions instead ("~{fragments :: page_head(${pageTitle})}"). The old, unwrapped syntax for fragment expressions will be removed in future versions of Thymeleaf.
2023-05-02T16:25:21.624+10:00  WARN 4464 --- [http-nio-9090-exec-1] actStandardFragmentInsertionTagProcessor : [THYMELEAF][http-nio-9090-exec-1][users/user_form] Deprecated unwrapped fragment expression "navigation :: menu" found in template users/user_form, line 8, col 10. Please use the complete syntax of fragment expressions instead ("~{navigation :: menu}"). The old, unwrapped syntax for fragment expressions will be removed in future versions of Thymeleaf.
2023-05-02T16:25:21.716+10:00  WARN 4464 --- [http-nio-9090-exec-1] actStandardFragmentInsertionTagProcessor : [THYMELEAF][http-nio-9090-exec-1][users/user_form] Deprecated unwrapped fragment expression "fragments :: footer" found in template users/user_form, line 105, col 10. Please use the complete syntax of fragment expressions instead ("~{fragments :: footer}"). The old, unwrapped syntax for fragment expressions will be removed in future versions of Thymeleaf.
2023-05-02T16:27:20.266+10:00  WARN 4464 --- [http-nio-9090-exec-1] o.h.engine.jdbc.spi.SqlExceptionHelper   : SQL Error: 0, SQLState: 23505
2023-05-02T16:27:20.266+10:00 ERROR 4464 --- [http-nio-9090-exec-1] o.h.engine.jdbc.spi.SqlExceptionHelper   : ERROR: duplicate key value violates unique constraint "users_pkey"
  Подробности: Key (id)=(1) already exists.
2023-05-02T16:27:20.279+10:00 ERROR 4464 --- [http-nio-9090-exec-1] o.a.c.c.C.[.[.[.[dispatcherServlet]      : Servlet.service() for servlet [dispatcherServlet] in context with path [/shopmeadmin] threw exception [Request processing failed: org.springframework.dao.DataIntegrityViolationException: could not execute statement; SQL [n/a]; constraint [users_pkey]] with root cause

org.postgresql.util.PSQLException: ERROR: duplicate key value violates unique constraint "users_pkey"
  Подробности: Key (id)=(1) already exists.
	at org.postgresql.core.v3.QueryExecutorImpl.receiveErrorResponse(QueryExecutorImpl.java:2713) ~[postgresql-42.6.0.jar:42.6.0]
	at org.postgresql.core.v3.QueryExecutorImpl.processResults(QueryExecutorImpl.java:2401) ~[postgresql-42.6.0.jar:42.6.0]
	at org.postgresql.core.v3.QueryExecutorImpl.execute(QueryExecutorImpl.java:368) ~[postgresql-42.6.0.jar:42.6.0]
	at org.postgresql.jdbc.PgStatement.executeInternal(PgStatement.java:498) ~[postgresql-42.6.0.jar:42.6.0]
	at org.postgresql.jdbc.PgStatement.execute(PgStatement.java:415) ~[postgresql-42.6.0.jar:42.6.0]
	at org.postgresql.jdbc.PgPreparedStatement.executeWithFlags(PgPreparedStatement.java:190) ~[postgresql-42.6.0.jar:42.6.0]
	at org.postgresql.jdbc.PgPreparedStatement.executeUpdate(PgPreparedStatement.java:152) ~[postgresql-42.6.0.jar:42.6.0]
	at com.zaxxer.hikari.pool.ProxyPreparedStatement.executeUpdate(ProxyPreparedStatement.java:61) ~[HikariCP-5.0.1.jar:na]
	at com.zaxxer.hikari.pool.HikariProxyPreparedStatement.executeUpdate(HikariProxyPreparedStatement.java) ~[HikariCP-5.0.1.jar:na]
	at org.hibernate.engine.jdbc.internal.ResultSetReturnImpl.executeUpdate(ResultSetReturnImpl.java:197) ~[hibernate-core-6.1.7.Final.jar:6.1.7.Final]
	at org.hibernate.dialect.identity.GetGeneratedKeysDelegate.executeAndExtract(GetGeneratedKeysDelegate.java:57) ~[hibernate-core-6.1.7.Final.jar:6.1.7.Final]
	at org.hibernate.id.insert.AbstractReturningDelegate.performInsert(AbstractReturningDelegate.java:42) ~[hibernate-core-6.1.7.Final.jar:6.1.7.Final]
	at org.hibernate.persister.entity.AbstractEntityPersister.insert(AbstractEntityPersister.java:3342) ~[hibernate-core-6.1.7.Final.jar:6.1.7.Final]
	at org.hibernate.persister.entity.AbstractEntityPersister.insert(AbstractEntityPersister.java:3980) ~[hibernate-core-6.1.7.Final.jar:6.1.7.Final]
	at org.hibernate.action.internal.EntityIdentityInsertAction.execute(EntityIdentityInsertAction.java:80) ~[hibernate-core-6.1.7.Final.jar:6.1.7.Final]
	at org.hibernate.engine.spi.ActionQueue.execute(ActionQueue.java:653) ~[hibernate-core-6.1.7.Final.jar:6.1.7.Final]
	at org.hibernate.engine.spi.ActionQueue.addResolvedEntityInsertAction(ActionQueue.java:283) ~[hibernate-core-6.1.7.Final.jar:6.1.7.Final]
	at org.hibernate.engine.spi.ActionQueue.addInsertAction(ActionQueue.java:264) ~[hibernate-core-6.1.7.Final.jar:6.1.7.Final]
	at org.hibernate.engine.spi.ActionQueue.addAction(ActionQueue.java:322) ~[hibernate-core-6.1.7.Final.jar:6.1.7.Final]
	at org.hibernate.event.internal.AbstractSaveEventListener.addInsertAction(AbstractSaveEventListener.java:340) ~[hibernate-core-6.1.7.Final.jar:6.1.7.Final]
	at org.hibernate.event.internal.AbstractSaveEventListener.performSaveOrReplicate(AbstractSaveEventListener.java:286) ~[hibernate-core-6.1.7.Final.jar:6.1.7.Final]
	at org.hibernate.event.internal.AbstractSaveEventListener.performSave(AbstractSaveEventListener.java:192) ~[hibernate-core-6.1.7.Final.jar:6.1.7.Final]
	at org.hibernate.event.internal.AbstractSaveEventListener.saveWithGeneratedId(AbstractSaveEventListener.java:122) ~[hibernate-core-6.1.7.Final.jar:6.1.7.Final]
	at org.hibernate.event.internal.DefaultPersistEventListener.entityIsTransient(DefaultPersistEventListener.java:184) ~[hibernate-core-6.1.7.Final.jar:6.1.7.Final]
	at org.hibernate.event.internal.DefaultPersistEventListener.onPersist(DefaultPersistEventListener.java:129) ~[hibernate-core-6.1.7.Final.jar:6.1.7.Final]
	at org.hibernate.event.internal.DefaultPersistEventListener.onPersist(DefaultPersistEventListener.java:53) ~[hibernate-core-6.1.7.Final.jar:6.1.7.Final]
	at org.hibernate.event.service.internal.EventListenerGroupImpl.fireEventOnEachListener(EventListenerGroupImpl.java:107) ~[hibernate-core-6.1.7.Final.jar:6.1.7.Final]
	at org.hibernate.internal.SessionImpl.firePersist(SessionImpl.java:737) ~[hibernate-core-6.1.7.Final.jar:6.1.7.Final]
	at org.hibernate.internal.SessionImpl.persist(SessionImpl.java:721) ~[hibernate-core-6.1.7.Final.jar:6.1.7.Final]
	at java.base/jdk.internal.reflect.DirectMethodHandleAccessor.invoke(DirectMethodHandleAccessor.java:104) ~[na:na]
	at java.base/java.lang.reflect.Method.invoke(Method.java:577) ~[na:na]
	at org.springframework.orm.jpa.ExtendedEntityManagerCreator$ExtendedEntityManagerInvocationHandler.invoke(ExtendedEntityManagerCreator.java:360) ~[spring-orm-6.0.7.jar:6.0.7]
	at jdk.proxy4/jdk.proxy4.$Proxy117.persist(Unknown Source) ~[na:na]
	at java.base/jdk.internal.reflect.DirectMethodHandleAccessor.invoke(DirectMethodHandleAccessor.java:104) ~[na:na]
	at java.base/java.lang.reflect.Method.invoke(Method.java:577) ~[na:na]
	at org.springframework.orm.jpa.SharedEntityManagerCreator$SharedEntityManagerInvocationHandler.invoke(SharedEntityManagerCreator.java:311) ~[spring-orm-6.0.7.jar:6.0.7]
	at jdk.proxy4/jdk.proxy4.$Proxy117.persist(Unknown Source) ~[na:na]
	at org.springframework.data.jpa.repository.support.SimpleJpaRepository.save(SimpleJpaRepository.java:613) ~[spring-data-jpa-3.0.4.jar:3.0.4]
	at java.base/jdk.internal.reflect.DirectMethodHandleAccessor.invoke(DirectMethodHandleAccessor.java:104) ~[na:na]
	at java.base/java.lang.reflect.Method.invoke(Method.java:577) ~[na:na]
	at org.springframework.data.repository.core.support.RepositoryMethodInvoker$RepositoryFragmentMethodInvoker.lambda$new$0(RepositoryMethodInvoker.java:288) ~[spring-data-commons-3.0.4.jar:3.0.4]
	at org.springframework.data.repository.core.support.RepositoryMethodInvoker.doInvoke(RepositoryMethodInvoker.java:136) ~[spring-data-commons-3.0.4.jar:3.0.4]
	at org.springframework.data.repository.core.support.RepositoryMethodInvoker.invoke(RepositoryMethodInvoker.java:120) ~[spring-data-commons-3.0.4.jar:3.0.4]
	at org.springframework.data.repository.core.support.RepositoryComposition$RepositoryFragments.invoke(RepositoryComposition.java:516) ~[spring-data-commons-3.0.4.jar:3.0.4]
	at org.springframework.data.repository.core.support.RepositoryComposition.invoke(RepositoryComposition.java:285) ~[spring-data-commons-3.0.4.jar:3.0.4]
	at org.springframework.data.repository.core.support.RepositoryFactorySupport$ImplementationMethodExecutionInterceptor.invoke(RepositoryFactorySupport.java:628) ~[spring-data-commons-3.0.4.jar:3.0.4]
	at org.springframework.aop.framework.ReflectiveMethodInvocation.proceed(ReflectiveMethodInvocation.java:184) ~[spring-aop-6.0.7.jar:6.0.7]
	at org.springframework.data.repository.core.support.QueryExecutorMethodInterceptor.doInvoke(QueryExecutorMethodInterceptor.java:168) ~[spring-data-commons-3.0.4.jar:3.0.4]
	at org.springframework.data.repository.core.support.QueryExecutorMethodInterceptor.invoke(QueryExecutorMethodInterceptor.java:143) ~[spring-data-commons-3.0.4.jar:3.0.4]
	at org.springframework.aop.framework.ReflectiveMethodInvocation.proceed(ReflectiveMethodInvocation.java:184) ~[spring-aop-6.0.7.jar:6.0.7]
	at org.springframework.transaction.interceptor.TransactionInterceptor$1.proceedWithInvocation(TransactionInterceptor.java:123) ~[spring-tx-6.0.7.jar:6.0.7]
	at org.springframework.transaction.interceptor.TransactionAspectSupport.invokeWithinTransaction(TransactionAspectSupport.java:391) ~[spring-tx-6.0.7.jar:6.0.7]
	at org.springframework.transaction.interceptor.TransactionInterceptor.invoke(TransactionInterceptor.java:119) ~[spring-tx-6.0.7.jar:6.0.7]
	at org.springframework.aop.framework.ReflectiveMethodInvocation.proceed(ReflectiveMethodInvocation.java:184) ~[spring-aop-6.0.7.jar:6.0.7]
	at org.springframework.dao.support.PersistenceExceptionTranslationInterceptor.invoke(PersistenceExceptionTranslationInterceptor.java:137) ~[spring-tx-6.0.7.jar:6.0.7]
	at org.springframework.aop.framework.ReflectiveMethodInvocation.proceed(ReflectiveMethodInvocation.java:184) ~[spring-aop-6.0.7.jar:6.0.7]
	at org.springframework.data.jpa.repository.support.CrudMethodMetadataPostProcessor$CrudMethodMetadataPopulatingMethodInterceptor.invoke(CrudMethodMetadataPostProcessor.java:163) ~[spring-data-jpa-3.0.4.jar:3.0.4]
	at org.springframework.aop.framework.ReflectiveMethodInvocation.proceed(ReflectiveMethodInvocation.java:184) ~[spring-aop-6.0.7.jar:6.0.7]
	at org.springframework.aop.interceptor.ExposeInvocationInterceptor.invoke(ExposeInvocationInterceptor.java:97) ~[spring-aop-6.0.7.jar:6.0.7]
	at org.springframework.aop.framework.ReflectiveMethodInvocation.proceed(ReflectiveMethodInvocation.java:184) ~[spring-aop-6.0.7.jar:6.0.7]
	at org.springframework.aop.framework.JdkDynamicAopProxy.invoke(JdkDynamicAopProxy.java:218) ~[spring-aop-6.0.7.jar:6.0.7]
	at jdk.proxy4/jdk.proxy4.$Proxy126.save(Unknown Source) ~[na:na]
	at com.shopme.shopmebackend.user.UserService.save(UserService.java:57) ~[classes/:na]
	at java.base/jdk.internal.reflect.DirectMethodHandleAccessor.invoke(DirectMethodHandleAccessor.java:104) ~[na:na]
	at java.base/java.lang.reflect.Method.invoke(Method.java:577) ~[na:na]
	at org.springframework.aop.support.AopUtils.invokeJoinpointUsingReflection(AopUtils.java:343) ~[spring-aop-6.0.7.jar:6.0.7]
	at org.springframework.aop.framework.ReflectiveMethodInvocation.invokeJoinpoint(ReflectiveMethodInvocation.java:196) ~[spring-aop-6.0.7.jar:6.0.7]
	at org.springframework.aop.framework.ReflectiveMethodInvocation.proceed(ReflectiveMethodInvocation.java:163) ~[spring-aop-6.0.7.jar:6.0.7]
	at org.springframework.aop.framework.CglibAopProxy$CglibMethodInvocation.proceed(CglibAopProxy.java:750) ~[spring-aop-6.0.7.jar:6.0.7]
	at org.springframework.transaction.interceptor.TransactionInterceptor$1.proceedWithInvocation(TransactionInterceptor.java:123) ~[spring-tx-6.0.7.jar:6.0.7]
	at org.springframework.transaction.interceptor.TransactionAspectSupport.invokeWithinTransaction(TransactionAspectSupport.java:391) ~[spring-tx-6.0.7.jar:6.0.7]
	at org.springframework.transaction.interceptor.TransactionInterceptor.invoke(TransactionInterceptor.java:119) ~[spring-tx-6.0.7.jar:6.0.7]
	at org.springframework.aop.framework.ReflectiveMethodInvocation.proceed(ReflectiveMethodInvocation.java:184) ~[spring-aop-6.0.7.jar:6.0.7]
	at org.springframework.aop.framework.CglibAopProxy$CglibMethodInvocation.proceed(CglibAopProxy.java:750) ~[spring-aop-6.0.7.jar:6.0.7]
	at org.springframework.aop.framework.CglibAopProxy$DynamicAdvisedInterceptor.intercept(CglibAopProxy.java:702) ~[spring-aop-6.0.7.jar:6.0.7]
	at com.shopme.shopmebackend.user.UserService$$SpringCGLIB$$0.save(<generated>) ~[classes/:na]
	at com.shopme.shopmebackend.user.controller.UserController.saveUser(UserController.java:85) ~[classes/:na]
	at java.base/jdk.internal.reflect.DirectMethodHandleAccessor.invoke(DirectMethodHandleAccessor.java:104) ~[na:na]
	at java.base/java.lang.reflect.Method.invoke(Method.java:577) ~[na:na]
	at org.springframework.web.method.support.InvocableHandlerMethod.doInvoke(InvocableHandlerMethod.java:207) ~[spring-web-6.0.7.jar:6.0.7]
	at org.springframework.web.method.support.InvocableHandlerMethod.invokeForRequest(InvocableHandlerMethod.java:152) ~[spring-web-6.0.7.jar:6.0.7]
	at org.springframework.web.servlet.mvc.method.annotation.ServletInvocableHandlerMethod.invokeAndHandle(ServletInvocableHandlerMethod.java:118) ~[spring-webmvc-6.0.7.jar:6.0.7]
	at org.springframework.web.servlet.mvc.method.annotation.RequestMappingHandlerAdapter.invokeHandlerMethod(RequestMappingHandlerAdapter.java:884) ~[spring-webmvc-6.0.7.jar:6.0.7]
	at org.springframework.web.servlet.mvc.method.annotation.RequestMappingHandlerAdapter.handleInternal(RequestMappingHandlerAdapter.java:797) ~[spring-webmvc-6.0.7.jar:6.0.7]
	at org.springframework.web.servlet.mvc.method.AbstractHandlerMethodAdapter.handle(AbstractHandlerMethodAdapter.java:87) ~[spring-webmvc-6.0.7.jar:6.0.7]
	at org.springframework.web.servlet.DispatcherServlet.doDispatch(DispatcherServlet.java:1081) ~[spring-webmvc-6.0.7.jar:6.0.7]
	at org.springframework.web.servlet.DispatcherServlet.doService(DispatcherServlet.java:974) ~[spring-webmvc-6.0.7.jar:6.0.7]
	at org.springframework.web.servlet.FrameworkServlet.processRequest(FrameworkServlet.java:1011) ~[spring-webmvc-6.0.7.jar:6.0.7]
	at org.springframework.web.servlet.FrameworkServlet.doPost(FrameworkServlet.java:914) ~[spring-webmvc-6.0.7.jar:6.0.7]
	at jakarta.servlet.http.HttpServlet.service(HttpServlet.java:563) ~[tomcat-embed-core-10.1.7.jar:6.0]
	at org.springframework.web.servlet.FrameworkServlet.service(FrameworkServlet.java:885) ~[spring-webmvc-6.0.7.jar:6.0.7]
	at jakarta.servlet.http.HttpServlet.service(HttpServlet.java:631) ~[tomcat-embed-core-10.1.7.jar:6.0]
	at org.apache.catalina.core.ApplicationFilterChain.internalDoFilter(ApplicationFilterChain.java:205) ~[tomcat-embed-core-10.1.7.jar:10.1.7]
	at org.apache.catalina.core.ApplicationFilterChain.doFilter(ApplicationFilterChain.java:149) ~[tomcat-embed-core-10.1.7.jar:10.1.7]
	at org.apache.tomcat.websocket.server.WsFilter.doFilter(WsFilter.java:53) ~[tomcat-embed-websocket-10.1.7.jar:10.1.7]
	at org.apache.catalina.core.ApplicationFilterChain.internalDoFilter(ApplicationFilterChain.java:174) ~[tomcat-embed-core-10.1.7.jar:10.1.7]
	at org.apache.catalina.core.ApplicationFilterChain.doFilter(ApplicationFilterChain.java:149) ~[tomcat-embed-core-10.1.7.jar:10.1.7]
	at org.springframework.web.servlet.resource.ResourceUrlEncodingFilter.doFilter(ResourceUrlEncodingFilter.java:66) ~[spring-webmvc-6.0.7.jar:6.0.7]
	at org.apache.catalina.core.ApplicationFilterChain.internalDoFilter(ApplicationFilterChain.java:174) ~[tomcat-embed-core-10.1.7.jar:10.1.7]
	at org.apache.catalina.core.ApplicationFilterChain.doFilter(ApplicationFilterChain.java:149) ~[tomcat-embed-core-10.1.7.jar:10.1.7]
	at org.springframework.security.web.FilterChainProxy.lambda$doFilterInternal$3(FilterChainProxy.java:231) ~[spring-security-web-6.0.2.jar:6.0.2]
	at org.springframework.security.web.FilterChainProxy$VirtualFilterChain.doFilter(FilterChainProxy.java:365) ~[spring-security-web-6.0.2.jar:6.0.2]
	at org.springframework.security.web.access.intercept.AuthorizationFilter.doFilter(AuthorizationFilter.java:100) ~[spring-security-web-6.0.2.jar:6.0.2]
	at org.springframework.security.web.FilterChainProxy$VirtualFilterChain.doFilter(FilterChainProxy.java:374) ~[spring-security-web-6.0.2.jar:6.0.2]
	at org.springframework.security.web.access.ExceptionTranslationFilter.doFilter(ExceptionTranslationFilter.java:126) ~[spring-security-web-6.0.2.jar:6.0.2]
	at org.springframework.security.web.access.ExceptionTranslationFilter.doFilter(ExceptionTranslationFilter.java:120) ~[spring-security-web-6.0.2.jar:6.0.2]
	at org.springframework.security.web.FilterChainProxy$VirtualFilterChain.doFilter(FilterChainProxy.java:374) ~[spring-security-web-6.0.2.jar:6.0.2]
	at org.springframework.security.web.authentication.AnonymousAuthenticationFilter.doFilter(AnonymousAuthenticationFilter.java:100) ~[spring-security-web-6.0.2.jar:6.0.2]
	at org.springframework.security.web.FilterChainProxy$VirtualFilterChain.doFilter(FilterChainProxy.java:374) ~[spring-security-web-6.0.2.jar:6.0.2]
	at org.springframework.security.web.authentication.rememberme.RememberMeAuthenticationFilter.doFilter(RememberMeAuthenticationFilter.java:110) ~[spring-security-web-6.0.2.jar:6.0.2]
	at org.springframework.security.web.authentication.rememberme.RememberMeAuthenticationFilter.doFilter(RememberMeAuthenticationFilter.java:101) ~[spring-security-web-6.0.2.jar:6.0.2]
	at org.springframework.security.web.FilterChainProxy$VirtualFilterChain.doFilter(FilterChainProxy.java:374) ~[spring-security-web-6.0.2.jar:6.0.2]
	at org.springframework.security.web.servletapi.SecurityContextHolderAwareRequestFilter.doFilter(SecurityContextHolderAwareRequestFilter.java:179) ~[spring-security-web-6.0.2.jar:6.0.2]
	at org.springframework.security.web.FilterChainProxy$VirtualFilterChain.doFilter(FilterChainProxy.java:374) ~[spring-security-web-6.0.2.jar:6.0.2]
	at org.springframework.security.web.savedrequest.RequestCacheAwareFilter.doFilter(RequestCacheAwareFilter.java:63) ~[spring-security-web-6.0.2.jar:6.0.2]
	at org.springframework.security.web.FilterChainProxy$VirtualFilterChain.doFilter(FilterChainProxy.java:374) ~[spring-security-web-6.0.2.jar:6.0.2]
	at org.springframework.security.web.authentication.AbstractAuthenticationProcessingFilter.doFilter(AbstractAuthenticationProcessingFilter.java:227) ~[spring-security-web-6.0.2.jar:6.0.2]
	at org.springframework.security.web.authentication.AbstractAuthenticationProcessingFilter.doFilter(AbstractAuthenticationProcessingFilter.java:221) ~[spring-security-web-6.0.2.jar:6.0.2]
	at org.springframework.security.web.FilterChainProxy$VirtualFilterChain.doFilter(FilterChainProxy.java:374) ~[spring-security-web-6.0.2.jar:6.0.2]
	at org.springframework.security.web.authentication.logout.LogoutFilter.doFilter(LogoutFilter.java:107) ~[spring-security-web-6.0.2.jar:6.0.2]
	at org.springframework.security.web.authentication.logout.LogoutFilter.doFilter(LogoutFilter.java:93) ~[spring-security-web-6.0.2.jar:6.0.2]
	at org.springframework.security.web.FilterChainProxy$VirtualFilterChain.doFilter(FilterChainProxy.java:374) ~[spring-security-web-6.0.2.jar:6.0.2]
	at org.springframework.security.web.csrf.CsrfFilter.doFilterInternal(CsrfFilter.java:131) ~[spring-security-web-6.0.2.jar:6.0.2]
	at org.springframework.web.filter.OncePerRequestFilter.doFilter(OncePerRequestFilter.java:116) ~[spring-web-6.0.7.jar:6.0.7]
	at org.springframework.security.web.FilterChainProxy$VirtualFilterChain.doFilter(FilterChainProxy.java:374) ~[spring-security-web-6.0.2.jar:6.0.2]
	at org.springframework.security.web.header.HeaderWriterFilter.doHeadersAfter(HeaderWriterFilter.java:90) ~[spring-security-web-6.0.2.jar:6.0.2]
	at org.springframework.security.web.header.HeaderWriterFilter.doFilterInternal(HeaderWriterFilter.java:75) ~[spring-security-web-6.0.2.jar:6.0.2]
	at org.springframework.web.filter.OncePerRequestFilter.doFilter(OncePerRequestFilter.java:116) ~[spring-web-6.0.7.jar:6.0.7]
	at org.springframework.security.web.FilterChainProxy$VirtualFilterChain.doFilter(FilterChainProxy.java:374) ~[spring-security-web-6.0.2.jar:6.0.2]
	at org.springframework.security.web.context.SecurityContextHolderFilter.doFilter(SecurityContextHolderFilter.java:82) ~[spring-security-web-6.0.2.jar:6.0.2]
	at org.springframework.security.web.context.SecurityContextHolderFilter.doFilter(SecurityContextHolderFilter.java:69) ~[spring-security-web-6.0.2.jar:6.0.2]
	at org.springframework.security.web.FilterChainProxy$VirtualFilterChain.doFilter(FilterChainProxy.java:374) ~[spring-security-web-6.0.2.jar:6.0.2]
	at org.springframework.security.web.context.request.async.WebAsyncManagerIntegrationFilter.doFilterInternal(WebAsyncManagerIntegrationFilter.java:62) ~[spring-security-web-6.0.2.jar:6.0.2]
	at org.springframework.web.filter.OncePerRequestFilter.doFilter(OncePerRequestFilter.java:116) ~[spring-web-6.0.7.jar:6.0.7]
	at org.springframework.security.web.FilterChainProxy$VirtualFilterChain.doFilter(FilterChainProxy.java:374) ~[spring-security-web-6.0.2.jar:6.0.2]
	at org.springframework.security.web.session.DisableEncodeUrlFilter.doFilterInternal(DisableEncodeUrlFilter.java:42) ~[spring-security-web-6.0.2.jar:6.0.2]
	at org.springframework.web.filter.OncePerRequestFilter.doFilter(OncePerRequestFilter.java:116) ~[spring-web-6.0.7.jar:6.0.7]
	at org.springframework.security.web.FilterChainProxy$VirtualFilterChain.doFilter(FilterChainProxy.java:374) ~[spring-security-web-6.0.2.jar:6.0.2]
	at org.springframework.security.web.FilterChainProxy.doFilterInternal(FilterChainProxy.java:233) ~[spring-security-web-6.0.2.jar:6.0.2]
	at org.springframework.security.web.FilterChainProxy.doFilter(FilterChainProxy.java:191) ~[spring-security-web-6.0.2.jar:6.0.2]
	at org.springframework.web.filter.DelegatingFilterProxy.invokeDelegate(DelegatingFilterProxy.java:352) ~[spring-web-6.0.7.jar:6.0.7]
	at org.springframework.web.filter.DelegatingFilterProxy.doFilter(DelegatingFilterProxy.java:268) ~[spring-web-6.0.7.jar:6.0.7]
	at org.apache.catalina.core.ApplicationFilterChain.internalDoFilter(ApplicationFilterChain.java:174) ~[tomcat-embed-core-10.1.7.jar:10.1.7]
	at org.apache.catalina.core.ApplicationFilterChain.doFilter(ApplicationFilterChain.java:149) ~[tomcat-embed-core-10.1.7.jar:10.1.7]
	at org.springframework.web.filter.RequestContextFilter.doFilterInternal(RequestContextFilter.java:100) ~[spring-web-6.0.7.jar:6.0.7]
	at org.springframework.web.filter.OncePerRequestFilter.doFilter(OncePerRequestFilter.java:116) ~[spring-web-6.0.7.jar:6.0.7]
	at org.apache.catalina.core.ApplicationFilterChain.internalDoFilter(ApplicationFilterChain.java:174) ~[tomcat-embed-core-10.1.7.jar:10.1.7]
	at org.apache.catalina.core.ApplicationFilterChain.doFilter(ApplicationFilterChain.java:149) ~[tomcat-embed-core-10.1.7.jar:10.1.7]
	at org.springframework.web.filter.FormContentFilter.doFilterInternal(FormContentFilter.java:93) ~[spring-web-6.0.7.jar:6.0.7]
	at org.springframework.web.filter.OncePerRequestFilter.doFilter(OncePerRequestFilter.java:116) ~[spring-web-6.0.7.jar:6.0.7]
	at org.apache.catalina.core.ApplicationFilterChain.internalDoFilter(ApplicationFilterChain.java:174) ~[tomcat-embed-core-10.1.7.jar:10.1.7]
	at org.apache.catalina.core.ApplicationFilterChain.doFilter(ApplicationFilterChain.java:149) ~[tomcat-embed-core-10.1.7.jar:10.1.7]
	at org.springframework.web.filter.CharacterEncodingFilter.doFilterInternal(CharacterEncodingFilter.java:201) ~[spring-web-6.0.7.jar:6.0.7]
	at org.springframework.web.filter.OncePerRequestFilter.doFilter(OncePerRequestFilter.java:116) ~[spring-web-6.0.7.jar:6.0.7]
	at org.apache.catalina.core.ApplicationFilterChain.internalDoFilter(ApplicationFilterChain.java:174) ~[tomcat-embed-core-10.1.7.jar:10.1.7]
	at org.apache.catalina.core.ApplicationFilterChain.doFilter(ApplicationFilterChain.java:149) ~[tomcat-embed-core-10.1.7.jar:10.1.7]
	at org.apache.catalina.core.StandardWrapperValve.invoke(StandardWrapperValve.java:166) ~[tomcat-embed-core-10.1.7.jar:10.1.7]
	at org.apache.catalina.core.StandardContextValve.invoke(StandardContextValve.java:90) ~[tomcat-embed-core-10.1.7.jar:10.1.7]
	at org.apache.catalina.authenticator.AuthenticatorBase.invoke(AuthenticatorBase.java:493) ~[tomcat-embed-core-10.1.7.jar:10.1.7]
	at org.apache.catalina.core.StandardHostValve.invoke(StandardHostValve.java:115) ~[tomcat-embed-core-10.1.7.jar:10.1.7]
	at org.apache.catalina.valves.ErrorReportValve.invoke(ErrorReportValve.java:93) ~[tomcat-embed-core-10.1.7.jar:10.1.7]
	at org.apache.catalina.core.StandardEngineValve.invoke(StandardEngineValve.java:74) ~[tomcat-embed-core-10.1.7.jar:10.1.7]
	at org.apache.catalina.connector.CoyoteAdapter.service(CoyoteAdapter.java:341) ~[tomcat-embed-core-10.1.7.jar:10.1.7]
	at org.apache.coyote.http11.Http11Processor.service(Http11Processor.java:390) ~[tomcat-embed-core-10.1.7.jar:10.1.7]
	at org.apache.coyote.AbstractProcessorLight.process(AbstractProcessorLight.java:63) ~[tomcat-embed-core-10.1.7.jar:10.1.7]
	at org.apache.coyote.AbstractProtocol$ConnectionHandler.process(AbstractProtocol.java:894) ~[tomcat-embed-core-10.1.7.jar:10.1.7]
	at org.apache.tomcat.util.net.NioEndpoint$SocketProcessor.doRun(NioEndpoint.java:1741) ~[tomcat-embed-core-10.1.7.jar:10.1.7]
	at org.apache.tomcat.util.net.SocketProcessorBase.run(SocketProcessorBase.java:52) ~[tomcat-embed-core-10.1.7.jar:10.1.7]
	at org.apache.tomcat.util.threads.ThreadPoolExecutor.runWorker(ThreadPoolExecutor.java:1191) ~[tomcat-embed-core-10.1.7.jar:10.1.7]
	at org.apache.tomcat.util.threads.ThreadPoolExecutor$Worker.run(ThreadPoolExecutor.java:659) ~[tomcat-embed-core-10.1.7.jar:10.1.7]
	at org.apache.tomcat.util.threads.TaskThread$WrappingRunnable.run(TaskThread.java:61) ~[tomcat-embed-core-10.1.7.jar:10.1.7]
	at java.base/java.lang.Thread.run(Thread.java:833) ~[na:na]

2023-05-02T16:27:20.309+10:00  WARN 4464 --- [http-nio-9090-exec-1] actStandardFragmentInsertionTagProcessor : [THYMELEAF][http-nio-9090-exec-1][error/500] Deprecated unwrapped fragment expression "fragments::page_head('Error - Shopme Admin')" found in template error/500, line 5, col 7. Please use the complete syntax of fragment expressions instead ("~{fragments::page_head('Error - Shopme Admin')}"). The old, unwrapped syntax for fragment expressions will be removed in future versions of Thymeleaf.
2023-05-02T16:27:20.317+10:00  WARN 4464 --- [http-nio-9090-exec-1] actStandardFragmentInsertionTagProcessor : [THYMELEAF][http-nio-9090-exec-1][error/500] Deprecated unwrapped fragment expression "navigation::menu" found in template error/500, line 8, col 10. Please use the complete syntax of fragment expressions instead ("~{navigation::menu}"). The old, unwrapped syntax for fragment expressions will be removed in future versions of Thymeleaf.
2023-05-02T16:27:20.338+10:00  WARN 4464 --- [http-nio-9090-exec-1] actStandardFragmentInsertionTagProcessor : [THYMELEAF][http-nio-9090-exec-1][error/500] Deprecated unwrapped fragment expression "fragments::footer" found in template error/500, line 13, col 10. Please use the complete syntax of fragment expressions instead ("~{fragments::footer}"). The old, unwrapped syntax for fragment expressions will be removed in future versions of Thymeleaf.
